# JRE version: Java(TM) SE Runtime Environment (8.0_151-b12) (build 1.8.0_151-b12)
# Java VM: Java HotSpot(TM) 64-Bit Server VM (25.151-b12 mixed mode windows-amd64 compressed oops)
Heap:
 PSYoungGen      total 143360K, used 52369K [0x00000000d5d80000, 0x00000000e4400000, 0x0000000100000000)
  eden space 132608K, 31% used [0x00000000d5d80000,0x00000000d8629630,0x00000000ddf00000)
  from space 10752K, 99% used [0x00000000ddf00000,0x00000000de97afb0,0x00000000de980000)
  to   space 17920K, 0% used [0x00000000e3280000,0x00000000e3280000,0x00000000e4400000)
 ParOldGen       total 69632K, used 27625K [0x0000000081800000, 0x0000000085c00000, 0x00000000d5d80000)
  object space 69632K, 39% used [0x0000000081800000,0x00000000832fa6a8,0x0000000085c00000)
 Metaspace       used 25650K, capacity 26232K, committed 26496K, reserved 1073152K
  class space    used 2947K, capacity 3107K, committed 3200K, reserved 1048576K
GC Heap History (10 events):
Event: 3.220 GC heap before
{Heap before GC invocations=4 (full 0):
 PSYoungGen      total 38400K, used 38374K [0x00000000d5d80000, 0x00000000da880000, 0x0000000100000000)
  eden space 33280K, 100% used [0x00000000d5d80000,0x00000000d7e00000,0x00000000d7e00000)
  from space 5120K, 99% used [0x00000000d7e00000,0x00000000d82f9ba0,0x00000000d8300000)
  to   space 5120K, 0% used [0x00000000da380000,0x00000000da380000,0x00000000da880000)
 ParOldGen       total 87552K, used 6595K [0x0000000081800000, 0x0000000086d80000, 0x00000000d5d80000)
  object space 87552K, 7% used [0x0000000081800000,0x0000000081e70c20,0x0000000086d80000)
 Metaspace       used 15519K, capacity 15732K, committed 16128K, reserved 1062912K
  class space    used 1847K, capacity 1942K, committed 2048K, reserved 1048576K
Event: 3.236 GC heap after
Heap after GC invocations=4 (full 0):
 PSYoungGen      total 71680K, used 5104K [0x00000000d5d80000, 0x00000000da880000, 0x0000000100000000)
  eden space 66560K, 0% used [0x00000000d5d80000,0x00000000d5d80000,0x00000000d9e80000)
  from space 5120K, 99% used [0x00000000da380000,0x00000000da87c030,0x00000000da880000)
  to   space 5120K, 0% used [0x00000000d9e80000,0x00000000d9e80000,0x00000000da380000)
 ParOldGen       total 87552K, used 9478K [0x0000000081800000, 0x0000000086d80000, 0x00000000d5d80000)
  object space 87552K, 10% used [0x0000000081800000,0x0000000082141a18,0x0000000086d80000)
 Metaspace       used 15519K, capacity 15732K, committed 16128K, reserved 1062912K
  class space    used 1847K, capacity 1942K, committed 2048K, reserved 1048576K
}
Event: 4.364 GC heap before
{Heap before GC invocations=5 (full 0):
 PSYoungGen      total 71680K, used 71664K [0x00000000d5d80000, 0x00000000da880000, 0x0000000100000000)
  eden space 66560K, 100% used [0x00000000d5d80000,0x00000000d9e80000,0x00000000d9e80000)
  from space 5120K, 99% used [0x00000000da380000,0x00000000da87c030,0x00000000da880000)
  to   space 5120K, 0% used [0x00000000d9e80000,0x00000000d9e80000,0x00000000da380000)
 ParOldGen       total 87552K, used 9478K [0x0000000081800000, 0x0000000086d80000, 0x00000000d5d80000)
  object space 87552K, 10% used [0x0000000081800000,0x0000000082141a18,0x0000000086d80000)
 Metaspace       used 16823K, capacity 17218K, committed 17536K, reserved 1064960K
  class space    used 1961K, capacity 2087K, committed 2176K, reserved 1048576K
Event: 4.385 GC heap after
Heap after GC invocations=5 (full 0):
 PSYoungGen      total 71680K, used 5104K [0x00000000d5d80000, 0x00000000df380000, 0x0000000100000000)
  eden space 66560K, 0% used [0x00000000d5d80000,0x00000000d5d80000,0x00000000d9e80000)
  from space 5120K, 99% used [0x00000000d9e80000,0x00000000da37c030,0x00000000da380000)
  to   space 10240K, 0% used [0x00000000de980000,0x00000000de980000,0x00000000df380000)
 ParOldGen       total 87552K, used 13149K [0x0000000081800000, 0x0000000086d80000, 0x00000000d5d80000)
  object space 87552K, 15% used [0x0000000081800000,0x00000000824d7560,0x0000000086d80000)
 Metaspace       used 16823K, capacity 17218K, committed 17536K, reserved 1064960K
  class space    used 1961K, capacity 2087K, committed 2176K, reserved 1048576K
}
Event: 6.157 GC heap before
{Heap before GC invocations=6 (full 0):
 PSYoungGen      total 71680K, used 66092K [0x00000000d5d80000, 0x00000000df380000, 0x0000000100000000)
  eden space 66560K, 91% used [0x00000000d5d80000,0x00000000d990f1f8,0x00000000d9e80000)
  from space 5120K, 99% used [0x00000000d9e80000,0x00000000da37c030,0x00000000da380000)
  to   space 10240K, 0% used [0x00000000de980000,0x00000000de980000,0x00000000df380000)
 ParOldGen       total 87552K, used 13149K [0x0000000081800000, 0x0000000086d80000, 0x00000000d5d80000)
  object space 87552K, 15% used [0x0000000081800000,0x00000000824d7560,0x0000000086d80000)
 Metaspace       used 20576K, capacity 21088K, committed 21296K, reserved 1069056K
  class space    used 2434K, capacity 2592K, committed 2688K, reserved 1048576K
Event: 6.210 GC heap after
Heap after GC invocations=6 (full 0):
 PSYoungGen      total 142848K, used 9055K [0x00000000d5d80000, 0x00000000df480000, 0x0000000100000000)
  eden space 132608K, 0% used [0x00000000d5d80000,0x00000000d5d80000,0x00000000ddf00000)
  from space 10240K, 88% used [0x00000000de980000,0x00000000df257f78,0x00000000df380000)
  to   space 10752K, 0% used [0x00000000ddf00000,0x00000000ddf00000,0x00000000de980000)
 ParOldGen       total 87552K, used 13149K [0x0000000081800000, 0x0000000086d80000, 0x00000000d5d80000)
  object space 87552K, 15% used [0x0000000081800000,0x00000000824d7560,0x0000000086d80000)
 Metaspace       used 20576K, capacity 21088K, committed 21296K, reserved 1069056K
  class space    used 2434K, capacity 2592K, committed 2688K, reserved 1048576K
}
Event: 6.210 GC heap before
{Heap before GC invocations=7 (full 1):
 PSYoungGen      total 142848K, used 9055K [0x00000000d5d80000, 0x00000000df480000, 0x0000000100000000)
  eden space 132608K, 0% used [0x00000000d5d80000,0x00000000d5d80000,0x00000000ddf00000)
  from space 10240K, 88% used [0x00000000de980000,0x00000000df257f78,0x00000000df380000)
  to   space 10752K, 0% used [0x00000000ddf00000,0x00000000ddf00000,0x00000000de980000)
 ParOldGen       total 87552K, used 13149K [0x0000000081800000, 0x0000000086d80000, 0x00000000d5d80000)
  object space 87552K, 15% used [0x0000000081800000,0x00000000824d7560,0x0000000086d80000)
 Metaspace       used 20576K, capacity 21088K, committed 21296K, reserved 1069056K
  class space    used 2434K, capacity 2592K, committed 2688K, reserved 1048576K
Event: 6.322 GC heap after
Heap after GC invocations=7 (full 1):
 PSYoungGen      total 142848K, used 0K [0x00000000d5d80000, 0x00000000df480000, 0x0000000100000000)
  eden space 132608K, 0% used [0x00000000d5d80000,0x00000000d5d80000,0x00000000ddf00000)
  from space 10240K, 0% used [0x00000000de980000,0x00000000de980000,0x00000000df380000)
  to   space 10752K, 0% used [0x00000000ddf00000,0x00000000ddf00000,0x00000000de980000)
 ParOldGen       total 69632K, used 15344K [0x0000000081800000, 0x0000000085c00000, 0x00000000d5d80000)
  object space 69632K, 22% used [0x0000000081800000,0x00000000826fc328,0x0000000085c00000)
 Metaspace       used 20576K, capacity 21088K, committed 21296K, reserved 1069056K
  class space    used 2434K, capacity 2592K, committed 2688K, reserved 1048576K
}
Event: 9.441 GC heap before
{Heap before GC invocations=8 (full 1):
 PSYoungGen      total 142848K, used 132608K [0x00000000d5d80000, 0x00000000df480000, 0x0000000100000000)
  eden space 132608K, 100% used [0x00000000d5d80000,0x00000000ddf00000,0x00000000ddf00000)
  from space 10240K, 0% used [0x00000000de980000,0x00000000de980000,0x00000000df380000)
  to   space 10752K, 0% used [0x00000000ddf00000,0x00000000ddf00000,0x00000000de980000)
 ParOldGen       total 69632K, used 15344K [0x0000000081800000, 0x0000000085c00000, 0x00000000d5d80000)
  object space 69632K, 22% used [0x0000000081800000,0x00000000826fc328,0x0000000085c00000)
 Metaspace       used 24716K, capacity 25304K, committed 25600K, reserved 1071104K
  class space    used 2863K, capacity 3011K, committed 3072K, reserved 1048576K
Event: 9.490 GC heap after
Heap after GC invocations=8 (full 1):
 PSYoungGen      total 143360K, used 10731K [0x00000000d5d80000, 0x00000000e4400000, 0x0000000100000000)
  eden space 132608K, 0% used [0x00000000d5d80000,0x00000000d5d80000,0x00000000ddf00000)
  from space 10752K, 99% used [0x00000000ddf00000,0x00000000de97afb0,0x00000000de980000)
  to   space 17920K, 0% used [0x00000000e3280000,0x00000000e3280000,0x00000000e4400000)
 ParOldGen       total 69632K, used 27625K [0x0000000081800000, 0x0000000085c00000, 0x00000000d5d80000)
  object space 69632K, 39% used [0x0000000081800000,0x00000000832fa6a8,0x0000000085c00000)
 Metaspace       used 24716K, capacity 25304K, committed 25600K, reserved 1071104K
  class space    used 2863K, capacity 3011K, committed 3072K, reserved 1048576K
}

