# JRE version: Java(TM) SE Runtime Environment (8.0_151-b12) (build 1.8.0_151-b12)
# Java VM: Java HotSpot(TM) 64-Bit Server VM (25.151-b12 mixed mode windows-amd64 compressed oops)
Heap:
 PSYoungGen      total 71680K, used 5117K [0x00000000d5d80000, 0x00000000da880000, 0x0000000100000000)
  eden space 66560K, 0% used [0x00000000d5d80000,0x00000000d5d80000,0x00000000d9e80000)
  from space 5120K, 99% used [0x00000000da380000,0x00000000da87f520,0x00000000da880000)
  to   space 5120K, 0% used [0x00000000d9e80000,0x00000000d9e80000,0x00000000da380000)
 ParOldGen       total 54784K, used 13068K [0x0000000081800000, 0x0000000084d80000, 0x00000000d5d80000)
  object space 54784K, 23% used [0x0000000081800000,0x00000000824c30e8,0x0000000084d80000)
 Metaspace       used 31677K, capacity 33212K, committed 33408K, reserved 1083392K
  class space    used 4023K, capacity 4356K, committed 4480K, reserved 1048576K
GC Heap History (10 events):
Event: 3.782 GC heap after
Heap after GC invocations=3 (full 0):
 PSYoungGen      total 38400K, used 5116K [0x00000000d5d80000, 0x00000000da880000, 0x0000000100000000)
  eden space 33280K, 0% used [0x00000000d5d80000,0x00000000d5d80000,0x00000000d7e00000)
  from space 5120K, 99% used [0x00000000d7e00000,0x00000000d82ff2b8,0x00000000d8300000)
  to   space 5120K, 0% used [0x00000000da380000,0x00000000da380000,0x00000000da880000)
 ParOldGen       total 87552K, used 6427K [0x0000000081800000, 0x0000000086d80000, 0x00000000d5d80000)
  object space 87552K, 7% used [0x0000000081800000,0x0000000081e46c58,0x0000000086d80000)
 Metaspace       used 19542K, capacity 20212K, committed 20480K, reserved 1067008K
  class space    used 2332K, capacity 2536K, committed 2560K, reserved 1048576K
}
Event: 3.982 GC heap before
{Heap before GC invocations=4 (full 0):
 PSYoungGen      total 38400K, used 14372K [0x00000000d5d80000, 0x00000000da880000, 0x0000000100000000)
  eden space 33280K, 27% used [0x00000000d5d80000,0x00000000d6689e90,0x00000000d7e00000)
  from space 5120K, 99% used [0x00000000d7e00000,0x00000000d82ff2b8,0x00000000d8300000)
  to   space 5120K, 0% used [0x00000000da380000,0x00000000da380000,0x00000000da880000)
 ParOldGen       total 87552K, used 6427K [0x0000000081800000, 0x0000000086d80000, 0x00000000d5d80000)
  object space 87552K, 7% used [0x0000000081800000,0x0000000081e46c58,0x0000000086d80000)
 Metaspace       used 20505K, capacity 21212K, committed 21296K, reserved 1069056K
  class space    used 2455K, capacity 2664K, committed 2688K, reserved 1048576K
Event: 3.993 GC heap after
Heap after GC invocations=4 (full 0):
 PSYoungGen      total 71680K, used 5109K [0x00000000d5d80000, 0x00000000da880000, 0x0000000100000000)
  eden space 66560K, 0% used [0x00000000d5d80000,0x00000000d5d80000,0x00000000d9e80000)
  from space 5120K, 99% used [0x00000000da380000,0x00000000da87d400,0x00000000da880000)
  to   space 5120K, 0% used [0x00000000d9e80000,0x00000000d9e80000,0x00000000da380000)
 ParOldGen       total 87552K, used 7581K [0x0000000081800000, 0x0000000086d80000, 0x00000000d5d80000)
  object space 87552K, 8% used [0x0000000081800000,0x0000000081f67630,0x0000000086d80000)
 Metaspace       used 20505K, capacity 21212K, committed 21296K, reserved 1069056K
  class space    used 2455K, capacity 2664K, committed 2688K, reserved 1048576K
}
Event: 3.993 GC heap before
{Heap before GC invocations=5 (full 1):
 PSYoungGen      total 71680K, used 5109K [0x00000000d5d80000, 0x00000000da880000, 0x0000000100000000)
  eden space 66560K, 0% used [0x00000000d5d80000,0x00000000d5d80000,0x00000000d9e80000)
  from space 5120K, 99% used [0x00000000da380000,0x00000000da87d400,0x00000000da880000)
  to   space 5120K, 0% used [0x00000000d9e80000,0x00000000d9e80000,0x00000000da380000)
 ParOldGen       total 87552K, used 7581K [0x0000000081800000, 0x0000000086d80000, 0x00000000d5d80000)
  object space 87552K, 8% used [0x0000000081800000,0x0000000081f67630,0x0000000086d80000)
 Metaspace       used 20505K, capacity 21212K, committed 21296K, reserved 1069056K
  class space    used 2455K, capacity 2664K, committed 2688K, reserved 1048576K
Event: 4.038 GC heap after
Heap after GC invocations=5 (full 1):
 PSYoungGen      total 71680K, used 0K [0x00000000d5d80000, 0x00000000da880000, 0x0000000100000000)
  eden space 66560K, 0% used [0x00000000d5d80000,0x00000000d5d80000,0x00000000d9e80000)
  from space 5120K, 0% used [0x00000000da380000,0x00000000da380000,0x00000000da880000)
  to   space 5120K, 0% used [0x00000000d9e80000,0x00000000d9e80000,0x00000000da380000)
 ParOldGen       total 54784K, used 6556K [0x0000000081800000, 0x0000000084d80000, 0x00000000d5d80000)
  object space 54784K, 11% used [0x0000000081800000,0x0000000081e67368,0x0000000084d80000)
 Metaspace       used 20505K, capacity 21212K, committed 21296K, reserved 1069056K
  class space    used 2455K, capacity 2664K, committed 2688K, reserved 1048576K
}
Event: 5.751 GC heap before
{Heap before GC invocations=6 (full 1):
 PSYoungGen      total 71680K, used 66560K [0x00000000d5d80000, 0x00000000da880000, 0x0000000100000000)
  eden space 66560K, 100% used [0x00000000d5d80000,0x00000000d9e80000,0x00000000d9e80000)
  from space 5120K, 0% used [0x00000000da380000,0x00000000da380000,0x00000000da880000)
  to   space 5120K, 0% used [0x00000000d9e80000,0x00000000d9e80000,0x00000000da380000)
 ParOldGen       total 54784K, used 6556K [0x0000000081800000, 0x0000000084d80000, 0x00000000d5d80000)
  object space 54784K, 11% used [0x0000000081800000,0x0000000081e67368,0x0000000084d80000)
 Metaspace       used 27494K, capacity 28920K, committed 29184K, reserved 1075200K
  class space    used 3486K, capacity 3780K, committed 3840K, reserved 1048576K
Event: 5.764 GC heap after
Heap after GC invocations=6 (full 1):
 PSYoungGen      total 71680K, used 5114K [0x00000000d5d80000, 0x00000000da880000, 0x0000000100000000)
  eden space 66560K, 0% used [0x00000000d5d80000,0x00000000d5d80000,0x00000000d9e80000)
  from space 5120K, 99% used [0x00000000d9e80000,0x00000000da37ebd8,0x00000000da380000)
  to   space 5120K, 0% used [0x00000000da380000,0x00000000da380000,0x00000000da880000)
 ParOldGen       total 54784K, used 9834K [0x0000000081800000, 0x0000000084d80000, 0x00000000d5d80000)
  object space 54784K, 17% used [0x0000000081800000,0x000000008219a9b0,0x0000000084d80000)
 Metaspace       used 27494K, capacity 28920K, committed 29184K, reserved 1075200K
  class space    used 3486K, capacity 3780K, committed 3840K, reserved 1048576K
}
Event: 6.716 GC heap before
{Heap before GC invocations=7 (full 1):
 PSYoungGen      total 71680K, used 51609K [0x00000000d5d80000, 0x00000000da880000, 0x0000000100000000)
  eden space 66560K, 69% used [0x00000000d5d80000,0x00000000d8ae7950,0x00000000d9e80000)
  from space 5120K, 99% used [0x00000000d9e80000,0x00000000da37ebd8,0x00000000da380000)
  to   space 5120K, 0% used [0x00000000da380000,0x00000000da380000,0x00000000da880000)
 ParOldGen       total 54784K, used 9834K [0x0000000081800000, 0x0000000084d80000, 0x00000000d5d80000)
  object space 54784K, 17% used [0x0000000081800000,0x000000008219a9b0,0x0000000084d80000)
 Metaspace       used 31677K, capacity 33212K, committed 33408K, reserved 1083392K
  class space    used 4023K, capacity 4356K, committed 4480K, reserved 1048576K
Event: 6.732 GC heap after
Heap after GC invocations=7 (full 1):
 PSYoungGen      total 71680K, used 5117K [0x00000000d5d80000, 0x00000000da880000, 0x0000000100000000)
  eden space 66560K, 0% used [0x00000000d5d80000,0x00000000d5d80000,0x00000000d9e80000)
  from space 5120K, 99% used [0x00000000da380000,0x00000000da87f520,0x00000000da880000)
  to   space 5120K, 0% used [0x00000000d9e80000,0x00000000d9e80000,0x00000000da380000)
 ParOldGen       total 54784K, used 13068K [0x0000000081800000, 0x0000000084d80000, 0x00000000d5d80000)
  object space 54784K, 23% used [0x0000000081800000,0x00000000824c30e8,0x0000000084d80000)
 Metaspace       used 31677K, capacity 33212K, committed 33408K, reserved 1083392K
  class space    used 4023K, capacity 4356K, committed 4480K, reserved 1048576K
}
Event: 6.732 GC heap before
{Heap before GC invocations=8 (full 2):
 PSYoungGen      total 71680K, used 5117K [0x00000000d5d80000, 0x00000000da880000, 0x0000000100000000)
  eden space 66560K, 0% used [0x00000000d5d80000,0x00000000d5d80000,0x00000000d9e80000)
  from space 5120K, 99% used [0x00000000da380000,0x00000000da87f520,0x00000000da880000)
  to   space 5120K, 0% used [0x00000000d9e80000,0x00000000d9e80000,0x00000000da380000)
 ParOldGen       total 54784K, used 13068K [0x0000000081800000, 0x0000000084d80000, 0x00000000d5d80000)
  object space 54784K, 23% used [0x0000000081800000,0x00000000824c30e8,0x0000000084d80000)
 Metaspace       used 31677K, capacity 33212K, committed 33408K, reserved 1083392K
  class space    used 4023K, capacity 4356K, committed 4480K, reserved 1048576K

