# JRE version: Java(TM) SE Runtime Environment (8.0_151-b12) (build 1.8.0_151-b12)
# Java VM: Java HotSpot(TM) 64-Bit Server VM (25.151-b12 mixed mode windows-amd64 compressed oops)
Heap:
 PSYoungGen      total 119808K, used 17161K [0x00000000d5d80000, 0x00000000e4400000, 0x0000000100000000)
  eden space 108544K, 15% used [0x00000000d5d80000,0x00000000d6e42670,0x00000000dc780000)
  from space 11264K, 0% used [0x00000000dc780000,0x00000000dc780000,0x00000000dd280000)
  to   space 11776K, 0% used [0x00000000e3880000,0x00000000e3880000,0x00000000e4400000)
 ParOldGen       total 54272K, used 11429K [0x0000000081800000, 0x0000000084d00000, 0x00000000d5d80000)
  object space 54272K, 21% used [0x0000000081800000,0x00000000823295f8,0x0000000084d00000)
 Metaspace       used 34867K, capacity 36500K, committed 36776K, reserved 1081344K
  class space    used 4457K, capacity 4788K, committed 4864K, reserved 1048576K
GC Heap History (10 events):
Event: 4.464 GC heap before
{Heap before GC invocations=5 (full 1):
 PSYoungGen      total 71680K, used 5109K [0x00000000d5d80000, 0x00000000da880000, 0x0000000100000000)
  eden space 66560K, 0% used [0x00000000d5d80000,0x00000000d5d80000,0x00000000d9e80000)
  from space 5120K, 99% used [0x00000000da380000,0x00000000da87d400,0x00000000da880000)
  to   space 5120K, 0% used [0x00000000d9e80000,0x00000000d9e80000,0x00000000da380000)
 ParOldGen       total 87552K, used 7875K [0x0000000081800000, 0x0000000086d80000, 0x00000000d5d80000)
  object space 87552K, 8% used [0x0000000081800000,0x0000000081fb0c10,0x0000000086d80000)
 Metaspace       used 20502K, capacity 21216K, committed 21296K, reserved 1069056K
  class space    used 2452K, capacity 2664K, committed 2688K, reserved 1048576K
Event: 4.511 GC heap after
Heap after GC invocations=5 (full 1):
 PSYoungGen      total 71680K, used 0K [0x00000000d5d80000, 0x00000000da880000, 0x0000000100000000)
  eden space 66560K, 0% used [0x00000000d5d80000,0x00000000d5d80000,0x00000000d9e80000)
  from space 5120K, 0% used [0x00000000da380000,0x00000000da380000,0x00000000da880000)
  to   space 5120K, 0% used [0x00000000d9e80000,0x00000000d9e80000,0x00000000da380000)
 ParOldGen       total 54272K, used 6553K [0x0000000081800000, 0x0000000084d00000, 0x00000000d5d80000)
  object space 54272K, 12% used [0x0000000081800000,0x0000000081e666a8,0x0000000084d00000)
 Metaspace       used 20502K, capacity 21216K, committed 21296K, reserved 1069056K
  class space    used 2452K, capacity 2664K, committed 2688K, reserved 1048576K
}
Event: 6.389 GC heap before
{Heap before GC invocations=6 (full 1):
 PSYoungGen      total 71680K, used 66560K [0x00000000d5d80000, 0x00000000da880000, 0x0000000100000000)
  eden space 66560K, 100% used [0x00000000d5d80000,0x00000000d9e80000,0x00000000d9e80000)
  from space 5120K, 0% used [0x00000000da380000,0x00000000da380000,0x00000000da880000)
  to   space 5120K, 0% used [0x00000000d9e80000,0x00000000d9e80000,0x00000000da380000)
 ParOldGen       total 54272K, used 6553K [0x0000000081800000, 0x0000000084d00000, 0x00000000d5d80000)
  object space 54272K, 12% used [0x0000000081800000,0x0000000081e666a8,0x0000000084d00000)
 Metaspace       used 27558K, capacity 28988K, committed 29184K, reserved 1075200K
  class space    used 3497K, capacity 3780K, committed 3840K, reserved 1048576K
Event: 6.400 GC heap after
Heap after GC invocations=6 (full 1):
 PSYoungGen      total 71680K, used 5117K [0x00000000d5d80000, 0x00000000ddc00000, 0x0000000100000000)
  eden space 66560K, 0% used [0x00000000d5d80000,0x00000000d5d80000,0x00000000d9e80000)
  from space 5120K, 99% used [0x00000000d9e80000,0x00000000da37f7b8,0x00000000da380000)
  to   space 9728K, 0% used [0x00000000dd280000,0x00000000dd280000,0x00000000ddc00000)
 ParOldGen       total 54272K, used 9955K [0x0000000081800000, 0x0000000084d00000, 0x00000000d5d80000)
  object space 54272K, 18% used [0x0000000081800000,0x00000000821b8fb0,0x0000000084d00000)
 Metaspace       used 27558K, capacity 28988K, committed 29184K, reserved 1075200K
  class space    used 3497K, capacity 3780K, committed 3840K, reserved 1048576K
}
Event: 7.547 GC heap before
{Heap before GC invocations=7 (full 1):
 PSYoungGen      total 71680K, used 71677K [0x00000000d5d80000, 0x00000000ddc00000, 0x0000000100000000)
  eden space 66560K, 100% used [0x00000000d5d80000,0x00000000d9e80000,0x00000000d9e80000)
  from space 5120K, 99% used [0x00000000d9e80000,0x00000000da37f7b8,0x00000000da380000)
  to   space 9728K, 0% used [0x00000000dd280000,0x00000000dd280000,0x00000000ddc00000)
 ParOldGen       total 54272K, used 9955K [0x0000000081800000, 0x0000000084d00000, 0x00000000d5d80000)
  object space 54272K, 18% used [0x0000000081800000,0x00000000821b8fb0,0x0000000084d00000)
 Metaspace       used 33760K, capacity 35306K, committed 35496K, reserved 1081344K
  class space    used 4289K, capacity 4583K, committed 4608K, reserved 1048576K
Event: 7.574 GC heap after
Heap after GC invocations=7 (full 1):
 PSYoungGen      total 118272K, used 9727K [0x00000000d5d80000, 0x00000000ddf80000, 0x0000000100000000)
  eden space 108544K, 0% used [0x00000000d5d80000,0x00000000d5d80000,0x00000000dc780000)
  from space 9728K, 99% used [0x00000000dd280000,0x00000000ddbffdb8,0x00000000ddc00000)
  to   space 11264K, 0% used [0x00000000dc780000,0x00000000dc780000,0x00000000dd280000)
 ParOldGen       total 54272K, used 11108K [0x0000000081800000, 0x0000000084d00000, 0x00000000d5d80000)
  object space 54272K, 20% used [0x0000000081800000,0x00000000822d92f0,0x0000000084d00000)
 Metaspace       used 33760K, capacity 35306K, committed 35496K, reserved 1081344K
  class space    used 4289K, capacity 4583K, committed 4608K, reserved 1048576K
}
Event: 7.578 GC heap before
{Heap before GC invocations=8 (full 1):
 PSYoungGen      total 118272K, used 11830K [0x00000000d5d80000, 0x00000000ddf80000, 0x0000000100000000)
  eden space 108544K, 1% used [0x00000000d5d80000,0x00000000d5f8daa0,0x00000000dc780000)
  from space 9728K, 99% used [0x00000000dd280000,0x00000000ddbffdb8,0x00000000ddc00000)
  to   space 11264K, 0% used [0x00000000dc780000,0x00000000dc780000,0x00000000dd280000)
 ParOldGen       total 54272K, used 11108K [0x0000000081800000, 0x0000000084d00000, 0x00000000d5d80000)
  object space 54272K, 20% used [0x0000000081800000,0x00000000822d92f0,0x0000000084d00000)
 Metaspace       used 33766K, capacity 35306K, committed 35496K, reserved 1081344K
  class space    used 4289K, capacity 4583K, committed 4608K, reserved 1048576K
Event: 7.596 GC heap after
Heap after GC invocations=8 (full 1):
 PSYoungGen      total 119808K, used 4951K [0x00000000d5d80000, 0x00000000e4400000, 0x0000000100000000)
  eden space 108544K, 0% used [0x00000000d5d80000,0x00000000d5d80000,0x00000000dc780000)
  from space 11264K, 43% used [0x00000000dc780000,0x00000000dcc55dd0,0x00000000dd280000)
  to   space 11776K, 0% used [0x00000000e3880000,0x00000000e3880000,0x00000000e4400000)
 ParOldGen       total 54272K, used 11116K [0x0000000081800000, 0x0000000084d00000, 0x00000000d5d80000)
  object space 54272K, 20% used [0x0000000081800000,0x00000000822db2f0,0x0000000084d00000)
 Metaspace       used 33766K, capacity 35306K, committed 35496K, reserved 1081344K
  class space    used 4289K, capacity 4583K, committed 4608K, reserved 1048576K
}
Event: 7.596 GC heap before
{Heap before GC invocations=9 (full 2):
 PSYoungGen      total 119808K, used 4951K [0x00000000d5d80000, 0x00000000e4400000, 0x0000000100000000)
  eden space 108544K, 0% used [0x00000000d5d80000,0x00000000d5d80000,0x00000000dc780000)
  from space 11264K, 43% used [0x00000000dc780000,0x00000000dcc55dd0,0x00000000dd280000)
  to   space 11776K, 0% used [0x00000000e3880000,0x00000000e3880000,0x00000000e4400000)
 ParOldGen       total 54272K, used 11116K [0x0000000081800000, 0x0000000084d00000, 0x00000000d5d80000)
  object space 54272K, 20% used [0x0000000081800000,0x00000000822db2f0,0x0000000084d00000)
 Metaspace       used 33766K, capacity 35306K, committed 35496K, reserved 1081344K
  class space    used 4289K, capacity 4583K, committed 4608K, reserved 1048576K
Event: 7.714 GC heap after
Heap after GC invocations=9 (full 2):
 PSYoungGen      total 119808K, used 0K [0x00000000d5d80000, 0x00000000e4400000, 0x0000000100000000)
  eden space 108544K, 0% used [0x00000000d5d80000,0x00000000d5d80000,0x00000000dc780000)
  from space 11264K, 0% used [0x00000000dc780000,0x00000000dc780000,0x00000000dd280000)
  to   space 11776K, 0% used [0x00000000e3880000,0x00000000e3880000,0x00000000e4400000)
 ParOldGen       total 54272K, used 11429K [0x0000000081800000, 0x0000000084d00000, 0x00000000d5d80000)
  object space 54272K, 21% used [0x0000000081800000,0x00000000823295f8,0x0000000084d00000)
 Metaspace       used 33766K, capacity 35306K, committed 35496K, reserved 1081344K
  class space    used 4289K, capacity 4583K, committed 4608K, reserved 1048576K
}

