# JRE version: Java(TM) SE Runtime Environment (8.0_151-b12) (build 1.8.0_151-b12)
# Java VM: Java HotSpot(TM) 64-Bit Server VM (25.151-b12 mixed mode windows-amd64 compressed oops)
Heap:
 PSYoungGen      total 143872K, used 56565K [0x00000000d5d80000, 0x00000000e4100000, 0x0000000100000000)
  eden space 132608K, 34% used [0x00000000d5d80000,0x00000000d89c03e8,0x00000000ddf00000)
  from space 11264K, 99% used [0x00000000ddf00000,0x00000000de9fd3d0,0x00000000dea00000)
  to   space 17920K, 0% used [0x00000000e2f80000,0x00000000e2f80000,0x00000000e4100000)
 ParOldGen       total 70656K, used 26910K [0x0000000081800000, 0x0000000085d00000, 0x00000000d5d80000)
  object space 70656K, 38% used [0x0000000081800000,0x0000000083247b68,0x0000000085d00000)
 Metaspace       used 25659K, capacity 26232K, committed 26496K, reserved 1073152K
  class space    used 2942K, capacity 3107K, committed 3200K, reserved 1048576K
GC Heap History (10 events):
Event: 3.164 GC heap before
{Heap before GC invocations=4 (full 0):
 PSYoungGen      total 38400K, used 38384K [0x00000000d5d80000, 0x00000000da880000, 0x0000000100000000)
  eden space 33280K, 100% used [0x00000000d5d80000,0x00000000d7e00000,0x00000000d7e00000)
  from space 5120K, 99% used [0x00000000d7e00000,0x00000000d82fc050,0x00000000d8300000)
  to   space 5120K, 0% used [0x00000000da380000,0x00000000da380000,0x00000000da880000)
 ParOldGen       total 87552K, used 6059K [0x0000000081800000, 0x0000000086d80000, 0x00000000d5d80000)
  object space 87552K, 6% used [0x0000000081800000,0x0000000081deacf0,0x0000000086d80000)
 Metaspace       used 15449K, capacity 15630K, committed 15744K, reserved 1062912K
  class space    used 1843K, capacity 1909K, committed 1920K, reserved 1048576K
Event: 3.184 GC heap after
Heap after GC invocations=4 (full 0):
 PSYoungGen      total 71680K, used 5120K [0x00000000d5d80000, 0x00000000da880000, 0x0000000100000000)
  eden space 66560K, 0% used [0x00000000d5d80000,0x00000000d5d80000,0x00000000d9e80000)
  from space 5120K, 100% used [0x00000000da380000,0x00000000da880000,0x00000000da880000)
  to   space 5120K, 0% used [0x00000000d9e80000,0x00000000d9e80000,0x00000000da380000)
 ParOldGen       total 87552K, used 9120K [0x0000000081800000, 0x0000000086d80000, 0x00000000d5d80000)
  object space 87552K, 10% used [0x0000000081800000,0x00000000820e81b0,0x0000000086d80000)
 Metaspace       used 15449K, capacity 15630K, committed 15744K, reserved 1062912K
  class space    used 1843K, capacity 1909K, committed 1920K, reserved 1048576K
}
Event: 4.324 GC heap before
{Heap before GC invocations=5 (full 0):
 PSYoungGen      total 71680K, used 71680K [0x00000000d5d80000, 0x00000000da880000, 0x0000000100000000)
  eden space 66560K, 100% used [0x00000000d5d80000,0x00000000d9e80000,0x00000000d9e80000)
  from space 5120K, 100% used [0x00000000da380000,0x00000000da880000,0x00000000da880000)
  to   space 5120K, 0% used [0x00000000d9e80000,0x00000000d9e80000,0x00000000da380000)
 ParOldGen       total 87552K, used 9120K [0x0000000081800000, 0x0000000086d80000, 0x00000000d5d80000)
  object space 87552K, 10% used [0x0000000081800000,0x00000000820e81b0,0x0000000086d80000)
 Metaspace       used 16792K, capacity 17142K, committed 17536K, reserved 1064960K
  class space    used 1956K, capacity 2085K, committed 2176K, reserved 1048576K
Event: 4.356 GC heap after
Heap after GC invocations=5 (full 0):
 PSYoungGen      total 71680K, used 5104K [0x00000000d5d80000, 0x00000000df480000, 0x0000000100000000)
  eden space 66560K, 0% used [0x00000000d5d80000,0x00000000d5d80000,0x00000000d9e80000)
  from space 5120K, 99% used [0x00000000d9e80000,0x00000000da37c030,0x00000000da380000)
  to   space 10752K, 0% used [0x00000000dea00000,0x00000000dea00000,0x00000000df480000)
 ParOldGen       total 87552K, used 12990K [0x0000000081800000, 0x0000000086d80000, 0x00000000d5d80000)
  object space 87552K, 14% used [0x0000000081800000,0x00000000824af8b0,0x0000000086d80000)
 Metaspace       used 16792K, capacity 17142K, committed 17536K, reserved 1064960K
  class space    used 1956K, capacity 2085K, committed 2176K, reserved 1048576K
}
Event: 5.900 GC heap before
{Heap before GC invocations=6 (full 0):
 PSYoungGen      total 71680K, used 71579K [0x00000000d5d80000, 0x00000000df480000, 0x0000000100000000)
  eden space 66560K, 99% used [0x00000000d5d80000,0x00000000d9e6af38,0x00000000d9e80000)
  from space 5120K, 99% used [0x00000000d9e80000,0x00000000da37c030,0x00000000da380000)
  to   space 10752K, 0% used [0x00000000dea00000,0x00000000dea00000,0x00000000df480000)
 ParOldGen       total 87552K, used 12990K [0x0000000081800000, 0x0000000086d80000, 0x00000000d5d80000)
  object space 87552K, 14% used [0x0000000081800000,0x00000000824af8b0,0x0000000086d80000)
 Metaspace       used 20548K, capacity 21088K, committed 21296K, reserved 1069056K
  class space    used 2430K, capacity 2592K, committed 2688K, reserved 1048576K
Event: 5.936 GC heap after
Heap after GC invocations=6 (full 0):
 PSYoungGen      total 143360K, used 9279K [0x00000000d5d80000, 0x00000000df580000, 0x0000000100000000)
  eden space 132608K, 0% used [0x00000000d5d80000,0x00000000d5d80000,0x00000000ddf00000)
  from space 10752K, 86% used [0x00000000dea00000,0x00000000df30ff58,0x00000000df480000)
  to   space 11264K, 0% used [0x00000000ddf00000,0x00000000ddf00000,0x00000000dea00000)
 ParOldGen       total 87552K, used 12998K [0x0000000081800000, 0x0000000086d80000, 0x00000000d5d80000)
  object space 87552K, 14% used [0x0000000081800000,0x00000000824b18b0,0x0000000086d80000)
 Metaspace       used 20548K, capacity 21088K, committed 21296K, reserved 1069056K
  class space    used 2430K, capacity 2592K, committed 2688K, reserved 1048576K
}
Event: 5.936 GC heap before
{Heap before GC invocations=7 (full 1):
 PSYoungGen      total 143360K, used 9279K [0x00000000d5d80000, 0x00000000df580000, 0x0000000100000000)
  eden space 132608K, 0% used [0x00000000d5d80000,0x00000000d5d80000,0x00000000ddf00000)
  from space 10752K, 86% used [0x00000000dea00000,0x00000000df30ff58,0x00000000df480000)
  to   space 11264K, 0% used [0x00000000ddf00000,0x00000000ddf00000,0x00000000dea00000)
 ParOldGen       total 87552K, used 12998K [0x0000000081800000, 0x0000000086d80000, 0x00000000d5d80000)
  object space 87552K, 14% used [0x0000000081800000,0x00000000824b18b0,0x0000000086d80000)
 Metaspace       used 20548K, capacity 21088K, committed 21296K, reserved 1069056K
  class space    used 2430K, capacity 2592K, committed 2688K, reserved 1048576K
Event: 6.055 GC heap after
Heap after GC invocations=7 (full 1):
 PSYoungGen      total 143360K, used 0K [0x00000000d5d80000, 0x00000000df580000, 0x0000000100000000)
  eden space 132608K, 0% used [0x00000000d5d80000,0x00000000d5d80000,0x00000000ddf00000)
  from space 10752K, 0% used [0x00000000dea00000,0x00000000dea00000,0x00000000df480000)
  to   space 11264K, 0% used [0x00000000ddf00000,0x00000000ddf00000,0x00000000dea00000)
 ParOldGen       total 70656K, used 15568K [0x0000000081800000, 0x0000000085d00000, 0x00000000d5d80000)
  object space 70656K, 22% used [0x0000000081800000,0x00000000827340a0,0x0000000085d00000)
 Metaspace       used 20548K, capacity 21088K, committed 21296K, reserved 1069056K
  class space    used 2430K, capacity 2592K, committed 2688K, reserved 1048576K
}
Event: 10.042 GC heap before
{Heap before GC invocations=8 (full 1):
 PSYoungGen      total 143360K, used 132608K [0x00000000d5d80000, 0x00000000df580000, 0x0000000100000000)
  eden space 132608K, 100% used [0x00000000d5d80000,0x00000000ddf00000,0x00000000ddf00000)
  from space 10752K, 0% used [0x00000000dea00000,0x00000000dea00000,0x00000000df480000)
  to   space 11264K, 0% used [0x00000000ddf00000,0x00000000ddf00000,0x00000000dea00000)
 ParOldGen       total 70656K, used 15568K [0x0000000081800000, 0x0000000085d00000, 0x00000000d5d80000)
  object space 70656K, 22% used [0x0000000081800000,0x00000000827340a0,0x0000000085d00000)
 Metaspace       used 24739K, capacity 25304K, committed 25600K, reserved 1071104K
  class space    used 2859K, capacity 3011K, committed 3072K, reserved 1048576K
Event: 10.077 GC heap after
Heap after GC invocations=8 (full 1):
 PSYoungGen      total 143872K, used 11252K [0x00000000d5d80000, 0x00000000e4100000, 0x0000000100000000)
  eden space 132608K, 0% used [0x00000000d5d80000,0x00000000d5d80000,0x00000000ddf00000)
  from space 11264K, 99% used [0x00000000ddf00000,0x00000000de9fd3d0,0x00000000dea00000)
  to   space 17920K, 0% used [0x00000000e2f80000,0x00000000e2f80000,0x00000000e4100000)
 ParOldGen       total 70656K, used 26910K [0x0000000081800000, 0x0000000085d00000, 0x00000000d5d80000)
  object space 70656K, 38% used [0x0000000081800000,0x0000000083247b68,0x0000000085d00000)
 Metaspace       used 24739K, capacity 25304K, committed 25600K, reserved 1071104K
  class space    used 2859K, capacity 3011K, committed 3072K, reserved 1048576K
}

