# JRE version: Java(TM) SE Runtime Environment (8.0_151-b12) (build 1.8.0_151-b12)
# Java VM: Java HotSpot(TM) 64-Bit Server VM (25.151-b12 mixed mode windows-amd64 compressed oops)
Heap:
 PSYoungGen      total 114688K, used 20491K [0x00000000d5d80000, 0x00000000ddb00000, 0x0000000100000000)
  eden space 104960K, 10% used [0x00000000d5d80000,0x00000000d68033b0,0x00000000dc400000)
  from space 9728K, 99% used [0x00000000dd180000,0x00000000ddaff890,0x00000000ddb00000)
  to   space 10752K, 0% used [0x00000000dc600000,0x00000000dc600000,0x00000000dd080000)
 ParOldGen       total 55296K, used 10531K [0x0000000081800000, 0x0000000084e00000, 0x00000000d5d80000)
  object space 55296K, 19% used [0x0000000081800000,0x0000000082248e08,0x0000000084e00000)
 Metaspace       used 32952K, capacity 35006K, committed 35328K, reserved 1079296K
  class space    used 4311K, capacity 4743K, committed 4864K, reserved 1048576K
GC Heap History (10 events):
Event: 4.251 GC heap before
{Heap before GC invocations=3 (full 0):
 PSYoungGen      total 38400K, used 38384K [0x00000000d5d80000, 0x00000000da880000, 0x0000000100000000)
  eden space 33280K, 100% used [0x00000000d5d80000,0x00000000d7e00000,0x00000000d7e00000)
  from space 5120K, 99% used [0x00000000d8300000,0x00000000d87fc060,0x00000000d8800000)
  to   space 5120K, 0% used [0x00000000d7e00000,0x00000000d7e00000,0x00000000d8300000)
 ParOldGen       total 87552K, used 1826K [0x0000000081800000, 0x0000000086d80000, 0x00000000d5d80000)
  object space 87552K, 2% used [0x0000000081800000,0x00000000819c8860,0x0000000086d80000)
 Metaspace       used 18546K, capacity 19506K, committed 19712K, reserved 1067008K
  class space    used 2345K, capacity 2551K, committed 2560K, reserved 1048576K
Event: 4.260 GC heap after
Heap after GC invocations=3 (full 0):
 PSYoungGen      total 38400K, used 5090K [0x00000000d5d80000, 0x00000000da880000, 0x0000000100000000)
  eden space 33280K, 0% used [0x00000000d5d80000,0x00000000d5d80000,0x00000000d7e00000)
  from space 5120K, 99% used [0x00000000d7e00000,0x00000000d82f89b8,0x00000000d8300000)
  to   space 5120K, 0% used [0x00000000da380000,0x00000000da380000,0x00000000da880000)
 ParOldGen       total 87552K, used 4280K [0x0000000081800000, 0x0000000086d80000, 0x00000000d5d80000)
  object space 87552K, 4% used [0x0000000081800000,0x0000000081c2e038,0x0000000086d80000)
 Metaspace       used 18546K, capacity 19506K, committed 19712K, reserved 1067008K
  class space    used 2345K, capacity 2551K, committed 2560K, reserved 1048576K
}
Event: 4.623 GC heap before
{Heap before GC invocations=4 (full 0):
 PSYoungGen      total 38400K, used 23179K [0x00000000d5d80000, 0x00000000da880000, 0x0000000100000000)
  eden space 33280K, 54% used [0x00000000d5d80000,0x00000000d6f2a258,0x00000000d7e00000)
  from space 5120K, 99% used [0x00000000d7e00000,0x00000000d82f89b8,0x00000000d8300000)
  to   space 5120K, 0% used [0x00000000da380000,0x00000000da380000,0x00000000da880000)
 ParOldGen       total 87552K, used 4280K [0x0000000081800000, 0x0000000086d80000, 0x00000000d5d80000)
  object space 87552K, 4% used [0x0000000081800000,0x0000000081c2e038,0x0000000086d80000)
 Metaspace       used 20163K, capacity 21208K, committed 21248K, reserved 1067008K
  class space    used 2567K, capacity 2790K, committed 2816K, reserved 1048576K
Event: 4.635 GC heap after
Heap after GC invocations=4 (full 0):
 PSYoungGen      total 71680K, used 5094K [0x00000000d5d80000, 0x00000000da880000, 0x0000000100000000)
  eden space 66560K, 0% used [0x00000000d5d80000,0x00000000d5d80000,0x00000000d9e80000)
  from space 5120K, 99% used [0x00000000da380000,0x00000000da879b70,0x00000000da880000)
  to   space 5120K, 0% used [0x00000000d9e80000,0x00000000d9e80000,0x00000000da380000)
 ParOldGen       total 87552K, used 6041K [0x0000000081800000, 0x0000000086d80000, 0x00000000d5d80000)
  object space 87552K, 6% used [0x0000000081800000,0x0000000081de67b8,0x0000000086d80000)
 Metaspace       used 20163K, capacity 21208K, committed 21248K, reserved 1067008K
  class space    used 2567K, capacity 2790K, committed 2816K, reserved 1048576K
}
Event: 4.635 GC heap before
{Heap before GC invocations=5 (full 1):
 PSYoungGen      total 71680K, used 5094K [0x00000000d5d80000, 0x00000000da880000, 0x0000000100000000)
  eden space 66560K, 0% used [0x00000000d5d80000,0x00000000d5d80000,0x00000000d9e80000)
  from space 5120K, 99% used [0x00000000da380000,0x00000000da879b70,0x00000000da880000)
  to   space 5120K, 0% used [0x00000000d9e80000,0x00000000d9e80000,0x00000000da380000)
 ParOldGen       total 87552K, used 6041K [0x0000000081800000, 0x0000000086d80000, 0x00000000d5d80000)
  object space 87552K, 6% used [0x0000000081800000,0x0000000081de67b8,0x0000000086d80000)
 Metaspace       used 20163K, capacity 21208K, committed 21248K, reserved 1067008K
  class space    used 2567K, capacity 2790K, committed 2816K, reserved 1048576K
Event: 4.684 GC heap after
Heap after GC invocations=5 (full 1):
 PSYoungGen      total 71680K, used 0K [0x00000000d5d80000, 0x00000000da880000, 0x0000000100000000)
  eden space 66560K, 0% used [0x00000000d5d80000,0x00000000d5d80000,0x00000000d9e80000)
  from space 5120K, 0% used [0x00000000da380000,0x00000000da380000,0x00000000da880000)
  to   space 5120K, 0% used [0x00000000d9e80000,0x00000000d9e80000,0x00000000da380000)
 ParOldGen       total 55296K, used 6748K [0x0000000081800000, 0x0000000084e00000, 0x00000000d5d80000)
  object space 55296K, 12% used [0x0000000081800000,0x0000000081e972a0,0x0000000084e00000)
 Metaspace       used 20163K, capacity 21208K, committed 21248K, reserved 1067008K
  class space    used 2567K, capacity 2790K, committed 2816K, reserved 1048576K
}
Event: 6.596 GC heap before
{Heap before GC invocations=6 (full 1):
 PSYoungGen      total 71680K, used 66560K [0x00000000d5d80000, 0x00000000da880000, 0x0000000100000000)
  eden space 66560K, 100% used [0x00000000d5d80000,0x00000000d9e80000,0x00000000d9e80000)
  from space 5120K, 0% used [0x00000000da380000,0x00000000da380000,0x00000000da880000)
  to   space 5120K, 0% used [0x00000000d9e80000,0x00000000d9e80000,0x00000000da380000)
 ParOldGen       total 55296K, used 6748K [0x0000000081800000, 0x0000000084e00000, 0x00000000d5d80000)
  object space 55296K, 12% used [0x0000000081800000,0x0000000081e972a0,0x0000000084e00000)
 Metaspace       used 27187K, capacity 28432K, committed 28544K, reserved 1075200K
  class space    used 3425K, capacity 3700K, committed 3712K, reserved 1048576K
Event: 6.623 GC heap after
Heap after GC invocations=6 (full 1):
 PSYoungGen      total 71680K, used 5116K [0x00000000d5d80000, 0x00000000ddb00000, 0x0000000100000000)
  eden space 66560K, 0% used [0x00000000d5d80000,0x00000000d5d80000,0x00000000d9e80000)
  from space 5120K, 99% used [0x00000000d9e80000,0x00000000da37f050,0x00000000da380000)
  to   space 9728K, 0% used [0x00000000dd180000,0x00000000dd180000,0x00000000ddb00000)
 ParOldGen       total 55296K, used 10523K [0x0000000081800000, 0x0000000084e00000, 0x00000000d5d80000)
  object space 55296K, 19% used [0x0000000081800000,0x0000000082246e08,0x0000000084e00000)
 Metaspace       used 27187K, capacity 28432K, committed 28544K, reserved 1075200K
  class space    used 3425K, capacity 3700K, committed 3712K, reserved 1048576K
}
Event: 15.301 GC heap before
{Heap before GC invocations=7 (full 1):
 PSYoungGen      total 71680K, used 71676K [0x00000000d5d80000, 0x00000000ddb00000, 0x0000000100000000)
  eden space 66560K, 100% used [0x00000000d5d80000,0x00000000d9e80000,0x00000000d9e80000)
  from space 5120K, 99% used [0x00000000d9e80000,0x00000000da37f050,0x00000000da380000)
  to   space 9728K, 0% used [0x00000000dd180000,0x00000000dd180000,0x00000000ddb00000)
 ParOldGen       total 55296K, used 10523K [0x0000000081800000, 0x0000000084e00000, 0x00000000d5d80000)
  object space 55296K, 19% used [0x0000000081800000,0x0000000082246e08,0x0000000084e00000)
 Metaspace       used 32606K, capacity 34490K, committed 34560K, reserved 1079296K
  class space    used 4246K, capacity 4607K, committed 4608K, reserved 1048576K
Event: 15.320 GC heap after
Heap after GC invocations=7 (full 1):
 PSYoungGen      total 114688K, used 9726K [0x00000000d5d80000, 0x00000000ddb00000, 0x0000000100000000)
  eden space 104960K, 0% used [0x00000000d5d80000,0x00000000d5d80000,0x00000000dc400000)
  from space 9728K, 99% used [0x00000000dd180000,0x00000000ddaff890,0x00000000ddb00000)
  to   space 10752K, 0% used [0x00000000dc600000,0x00000000dc600000,0x00000000dd080000)
 ParOldGen       total 55296K, used 10531K [0x0000000081800000, 0x0000000084e00000, 0x00000000d5d80000)
  object space 55296K, 19% used [0x0000000081800000,0x0000000082248e08,0x0000000084e00000)
 Metaspace       used 32606K, capacity 34490K, committed 34560K, reserved 1079296K
  class space    used 4246K, capacity 4607K, committed 4608K, reserved 1048576K
}

