<?xml version="1.0" encoding="UTF-8"?>
<!-- Generated by org.testng.reporters.JUnitXMLReporter -->
<testsuite hostname="Juan" name="Test" tests="1" failures="0" timestamp="10 Sep 2021 06:01:02 GMT" time="0.09" errors="0">
  <testcase name="@BeforeSuite springTestContextPrepareTestInstance" time="0.0" classname="com.mine.vj.learningSpringBoot.SpringBootTestNG">
    <failure type="java.lang.IllegalStateException" message="Failed to load ApplicationContext">
      <![CDATA[java.lang.IllegalStateException: Failed to load ApplicationContext
	at org.springframework.test.context.cache.DefaultCacheAwareContextLoaderDelegate.loadContext(DefaultCacheAwareContextLoaderDelegate.java:132)
	at org.springframework.test.context.support.DefaultTestContext.getApplicationContext(DefaultTestContext.java:124)
	at org.springframework.test.context.support.DependencyInjectionTestExecutionListener.injectDependencies(DependencyInjectionTestExecutionListener.java:118)
	at org.springframework.test.context.support.DependencyInjectionTestExecutionListener.prepareTestInstance(DependencyInjectionTestExecutionListener.java:83)
	at org.springframework.test.context.TestContextManager.prepareTestInstance(TestContextManager.java:244)
	at org.springframework.test.context.testng.AbstractTestNGSpringContextTests.springTestContextPrepareTestInstance(AbstractTestNGSpringContextTests.java:149)
	at com.mine.vj.learningSpringBoot.SpringBootTestNG.springTestContextPrepareTestInstance(SpringBootTestNG.java:42)
Caused by: org.springframework.beans.factory.UnsatisfiedDependencyException: Error creating bean with name 'homePage': Unsatisfied dependency expressed through field 'webDriver'; nested exception is org.springframework.beans.factory.NoSuchBeanDefinitionException: No qualifying bean of type 'org.openqa.selenium.WebDriver' available: expected at least 1 bean which qualifies as autowire candidate. Dependency annotations: {@org.springframework.beans.factory.annotation.Autowired(required=true)}
	at org.springframework.beans.factory.annotation.AutowiredAnnotationBeanPostProcessor$AutowiredFieldElement.resolveFieldValue(AutowiredAnnotationBeanPostProcessor.java:660)
	at org.springframework.beans.factory.annotation.AutowiredAnnotationBeanPostProcessor$AutowiredFieldElement.inject(AutowiredAnnotationBeanPostProcessor.java:640)
	at org.springframework.beans.factory.annotation.InjectionMetadata.inject(InjectionMetadata.java:119)
	at org.springframework.beans.factory.annotation.AutowiredAnnotationBeanPostProcessor.postProcessProperties(AutowiredAnnotationBeanPostProcessor.java:399)
	at org.springframework.beans.factory.support.AbstractAutowireCapableBeanFactory.populateBean(AbstractAutowireCapableBeanFactory.java:1413)
	at org.springframework.beans.factory.support.AbstractAutowireCapableBeanFactory.doCreateBean(AbstractAutowireCapableBeanFactory.java:601)
	at org.springframework.beans.factory.support.AbstractAutowireCapableBeanFactory.createBean(AbstractAutowireCapableBeanFactory.java:524)
	at org.springframework.beans.factory.support.AbstractBeanFactory.lambda$doGetBean$0(AbstractBeanFactory.java:335)
	at org.springframework.beans.factory.support.DefaultSingletonBeanRegistry.getSingleton(DefaultSingletonBeanRegistry.java:234)
	at org.springframework.beans.factory.support.AbstractBeanFactory.doGetBean(AbstractBeanFactory.java:333)
	at org.springframework.beans.factory.support.AbstractBeanFactory.getBean(AbstractBeanFactory.java:208)
	at org.springframework.beans.factory.support.DefaultListableBeanFactory.preInstantiateSingletons(DefaultListableBeanFactory.java:944)
	at org.springframework.context.support.AbstractApplicationContext.finishBeanFactoryInitialization(AbstractApplicationContext.java:918)
	at org.springframework.context.support.AbstractApplicationContext.refresh(AbstractApplicationContext.java:583)
	at org.springframework.boot.SpringApplication.refresh(SpringApplication.java:754)
	at org.springframework.boot.SpringApplication.refreshContext(SpringApplication.java:434)
	at org.springframework.boot.SpringApplication.run(SpringApplication.java:338)
	at org.springframework.boot.test.context.SpringBootContextLoader.loadContext(SpringBootContextLoader.java:123)
	at org.springframework.test.context.cache.DefaultCacheAwareContextLoaderDelegate.loadContextInternal(DefaultCacheAwareContextLoaderDelegate.java:99)
	at org.springframework.test.context.cache.DefaultCacheAwareContextLoaderDelegate.loadContext(DefaultCacheAwareContextLoaderDelegate.java:124)
	... 24 more
Caused by: org.springframework.beans.factory.NoSuchBeanDefinitionException: No qualifying bean of type 'org.openqa.selenium.WebDriver' available: expected at least 1 bean which qualifies as autowire candidate. Dependency annotations: {@org.springframework.beans.factory.annotation.Autowired(required=true)}
	at org.springframework.beans.factory.support.DefaultListableBeanFactory.raiseNoMatchingBeanFound(DefaultListableBeanFactory.java:1790)
	at org.springframework.beans.factory.support.DefaultListableBeanFactory.doResolveDependency(DefaultListableBeanFactory.java:1346)
	at org.springframework.beans.factory.support.DefaultListableBeanFactory.resolveDependency(DefaultListableBeanFactory.java:1300)
	at org.springframework.beans.factory.annotation.AutowiredAnnotationBeanPostProcessor$AutowiredFieldElement.resolveFieldValue(AutowiredAnnotationBeanPostProcessor.java:657)
	... 43 more
... Removed 18 stack frames]]>
    </failure>
  </testcase> <!-- @BeforeSuite springTestContextPrepareTestInstance -->
  <testcase name="@BeforeTest setupWebdriver" time="0.0" classname="com.mine.vj.learningSpringBoot.SpringBootTestNG">
    <skipped/>
  </testcase> <!-- @BeforeTest setupWebdriver -->
  <testcase name="@BeforeClass springTestContextBeforeTestClass" time="0.0" classname="com.mine.vj.learningSpringBoot.SpringBootTestNG">
    <skipped/>
  </testcase> <!-- @BeforeClass springTestContextBeforeTestClass -->
  <testcase name="@BeforeClass springTestContextPrepareTestInstance" time="0.0" classname="com.mine.vj.learningSpringBoot.SpringBootTestNG">
    <skipped/>
  </testcase> <!-- @BeforeClass springTestContextPrepareTestInstance -->
  <testcase name="@BeforeMethod springTestContextBeforeTestMethod" time="0.0" classname="com.mine.vj.learningSpringBoot.SpringBootTestNG">
    <skipped/>
  </testcase> <!-- @BeforeMethod springTestContextBeforeTestMethod -->
  <testcase name="testLogin" time="0.005" classname="com.mine.vj.learningSpringBoot.SpringBootTestNG">
    <skipped/>
  </testcase> <!-- testLogin -->
</testsuite> <!-- Test -->
